running egg_info
creating ../build/assignment_one/assignment_one.egg-info
writing ../build/assignment_one/assignment_one.egg-info/PKG-INFO
writing dependency_links to ../build/assignment_one/assignment_one.egg-info/dependency_links.txt
writing entry points to ../build/assignment_one/assignment_one.egg-info/entry_points.txt
writing requirements to ../build/assignment_one/assignment_one.egg-info/requires.txt
writing top-level names to ../build/assignment_one/assignment_one.egg-info/top_level.txt
writing manifest file '../build/assignment_one/assignment_one.egg-info/SOURCES.txt'
reading manifest file '../build/assignment_one/assignment_one.egg-info/SOURCES.txt'
writing manifest file '../build/assignment_one/assignment_one.egg-info/SOURCES.txt'
running build
running build_py
creating /home/eskil/assignment_ws/src/build/assignment_one/build
creating /home/eskil/assignment_ws/src/build/assignment_one/build/lib
creating /home/eskil/assignment_ws/src/build/assignment_one/build/lib/assignment_one
copying assignment_one/scan_listener.py -> /home/eskil/assignment_ws/src/build/assignment_one/build/lib/assignment_one
copying assignment_one/__init__.py -> /home/eskil/assignment_ws/src/build/assignment_one/build/lib/assignment_one
running install
running install_lib
creating /home/eskil/assignment_ws/src/install/assignment_one/lib/python3.8/site-packages/assignment_one
copying /home/eskil/assignment_ws/src/build/assignment_one/build/lib/assignment_one/scan_listener.py -> /home/eskil/assignment_ws/src/install/assignment_one/lib/python3.8/site-packages/assignment_one
copying /home/eskil/assignment_ws/src/build/assignment_one/build/lib/assignment_one/__init__.py -> /home/eskil/assignment_ws/src/install/assignment_one/lib/python3.8/site-packages/assignment_one
byte-compiling /home/eskil/assignment_ws/src/install/assignment_one/lib/python3.8/site-packages/assignment_one/scan_listener.py to scan_listener.cpython-38.pyc
byte-compiling /home/eskil/assignment_ws/src/install/assignment_one/lib/python3.8/site-packages/assignment_one/__init__.py to __init__.cpython-38.pyc
running install_data
creating /home/eskil/assignment_ws/src/install/assignment_one/share/ament_index
creating /home/eskil/assignment_ws/src/install/assignment_one/share/ament_index/resource_index
creating /home/eskil/assignment_ws/src/install/assignment_one/share/ament_index/resource_index/packages
copying resource/assignment_one -> /home/eskil/assignment_ws/src/install/assignment_one/share/ament_index/resource_index/packages
copying package.xml -> /home/eskil/assignment_ws/src/install/assignment_one/share/assignment_one
running install_egg_info
Copying ../build/assignment_one/assignment_one.egg-info to /home/eskil/assignment_ws/src/install/assignment_one/lib/python3.8/site-packages/assignment_one-0.0.1-py3.8.egg-info
running install_scripts
Installing scan_listener script to /home/eskil/assignment_ws/src/install/assignment_one/lib/assignment_one
writing list of installed files to '/home/eskil/assignment_ws/src/build/assignment_one/install.log'
