[0.509s] Invoking command in '/home/eskil/assignment_ws/build/assignment_one': PYTHONPATH=/home/eskil/assignment_ws/build/assignment_one/prefix_override:/home/eskil/assignment_ws/install/assignment_one/lib/python3.8/site-packages:${PYTHONPATH} /usr/bin/python3 setup.py develop --uninstall --editable --build-directory /home/eskil/assignment_ws/build/assignment_one/build
[0.686s] running develop
[0.808s] Invoked command in '/home/eskil/assignment_ws/build/assignment_one' returned '0': PYTHONPATH=/home/eskil/assignment_ws/build/assignment_one/prefix_override:/home/eskil/assignment_ws/install/assignment_one/lib/python3.8/site-packages:${PYTHONPATH} /usr/bin/python3 setup.py develop --uninstall --editable --build-directory /home/eskil/assignment_ws/build/assignment_one/build
[0.811s] Invoking command in '/home/eskil/assignment_ws/src/assignment_one': PYTHONPATH=/home/eskil/assignment_ws/build/assignment_one/prefix_override:/home/eskil/assignment_ws/install/assignment_one/lib/python3.8/site-packages:${PYTHONPATH} /usr/bin/python3 setup.py egg_info --egg-base ../../build/assignment_one build --build-base /home/eskil/assignment_ws/build/assignment_one/build install --record /home/eskil/assignment_ws/build/assignment_one/install.log --install-scripts $base/lib/assignment_one --single-version-externally-managed
[0.972s] running egg_info
[0.972s] writing ../../build/assignment_one/assignment_one.egg-info/PKG-INFO
[0.973s] writing dependency_links to ../../build/assignment_one/assignment_one.egg-info/dependency_links.txt
[0.973s] writing entry points to ../../build/assignment_one/assignment_one.egg-info/entry_points.txt
[0.974s] writing requirements to ../../build/assignment_one/assignment_one.egg-info/requires.txt
[0.974s] writing top-level names to ../../build/assignment_one/assignment_one.egg-info/top_level.txt
[0.999s] reading manifest file '../../build/assignment_one/assignment_one.egg-info/SOURCES.txt'
[0.999s] writing manifest file '../../build/assignment_one/assignment_one.egg-info/SOURCES.txt'
[0.999s] running build
[0.999s] running build_py
[1.000s] copying assignment_one/scan_listener.py -> /home/eskil/assignment_ws/build/assignment_one/build/lib/assignment_one
[1.000s] running install
[1.000s] running install_lib
[1.001s] copying /home/eskil/assignment_ws/build/assignment_one/build/lib/assignment_one/scan_listener.py -> /home/eskil/assignment_ws/install/assignment_one/lib/python3.8/site-packages/assignment_one
[1.002s] byte-compiling /home/eskil/assignment_ws/install/assignment_one/lib/python3.8/site-packages/assignment_one/scan_listener.py to scan_listener.cpython-38.pyc
[1.003s] running install_data
[1.003s] running install_egg_info
[1.004s] removing '/home/eskil/assignment_ws/install/assignment_one/lib/python3.8/site-packages/assignment_one-0.0.1-py3.8.egg-info' (and everything under it)
[1.005s] Copying ../../build/assignment_one/assignment_one.egg-info to /home/eskil/assignment_ws/install/assignment_one/lib/python3.8/site-packages/assignment_one-0.0.1-py3.8.egg-info
[1.005s] running install_scripts
[1.019s] Installing scan_listener script to /home/eskil/assignment_ws/install/assignment_one/lib/assignment_one
[1.019s] writing list of installed files to '/home/eskil/assignment_ws/build/assignment_one/install.log'
[1.038s] Invoked command in '/home/eskil/assignment_ws/src/assignment_one' returned '0': PYTHONPATH=/home/eskil/assignment_ws/build/assignment_one/prefix_override:/home/eskil/assignment_ws/install/assignment_one/lib/python3.8/site-packages:${PYTHONPATH} /usr/bin/python3 setup.py egg_info --egg-base ../../build/assignment_one build --build-base /home/eskil/assignment_ws/build/assignment_one/build install --record /home/eskil/assignment_ws/build/assignment_one/install.log --install-scripts $base/lib/assignment_one --single-version-externally-managed
