[0.578s] Invoking command in '/home/eskil/assignment_ws/build/assignment_one': PYTHONPATH=/home/eskil/assignment_ws/build/assignment_one/prefix_override:/home/eskil/assignment_ws/install/assignment_one/lib/python3.8/site-packages:${PYTHONPATH} /usr/bin/python3 setup.py develop --uninstall --editable --build-directory /home/eskil/assignment_ws/build/assignment_one/build
[0.743s] running develop
[0.858s] Invoked command in '/home/eskil/assignment_ws/build/assignment_one' returned '0': PYTHONPATH=/home/eskil/assignment_ws/build/assignment_one/prefix_override:/home/eskil/assignment_ws/install/assignment_one/lib/python3.8/site-packages:${PYTHONPATH} /usr/bin/python3 setup.py develop --uninstall --editable --build-directory /home/eskil/assignment_ws/build/assignment_one/build
[0.858s] Invoking command in '/home/eskil/assignment_ws/src/assignment_one': PYTHONPATH=/home/eskil/assignment_ws/build/assignment_one/prefix_override:/home/eskil/assignment_ws/install/assignment_one/lib/python3.8/site-packages:${PYTHONPATH} /usr/bin/python3 setup.py egg_info --egg-base ../../build/assignment_one build --build-base /home/eskil/assignment_ws/build/assignment_one/build install --record /home/eskil/assignment_ws/build/assignment_one/install.log --install-scripts $base/lib/assignment_one --single-version-externally-managed
[1.010s] running egg_info
[1.010s] writing ../../build/assignment_one/assignment_one.egg-info/PKG-INFO
[1.010s] writing dependency_links to ../../build/assignment_one/assignment_one.egg-info/dependency_links.txt
[1.011s] writing entry points to ../../build/assignment_one/assignment_one.egg-info/entry_points.txt
[1.011s] writing requirements to ../../build/assignment_one/assignment_one.egg-info/requires.txt
[1.011s] writing top-level names to ../../build/assignment_one/assignment_one.egg-info/top_level.txt
[1.039s] reading manifest file '../../build/assignment_one/assignment_one.egg-info/SOURCES.txt'
[1.040s] writing manifest file '../../build/assignment_one/assignment_one.egg-info/SOURCES.txt'
[1.040s] running build
[1.040s] running build_py
[1.040s] copying assignment_one/scan_listener.py -> /home/eskil/assignment_ws/build/assignment_one/build/lib/assignment_one
[1.040s] running install
[1.041s] running install_lib
[1.042s] copying /home/eskil/assignment_ws/build/assignment_one/build/lib/assignment_one/scan_listener.py -> /home/eskil/assignment_ws/install/assignment_one/lib/python3.8/site-packages/assignment_one
[1.042s] byte-compiling /home/eskil/assignment_ws/install/assignment_one/lib/python3.8/site-packages/assignment_one/scan_listener.py to scan_listener.cpython-38.pyc
[1.043s] running install_data
[1.044s] running install_egg_info
[1.045s] removing '/home/eskil/assignment_ws/install/assignment_one/lib/python3.8/site-packages/assignment_one-0.0.1-py3.8.egg-info' (and everything under it)
[1.045s] Copying ../../build/assignment_one/assignment_one.egg-info to /home/eskil/assignment_ws/install/assignment_one/lib/python3.8/site-packages/assignment_one-0.0.1-py3.8.egg-info
[1.046s] running install_scripts
[1.059s] Installing scan_listener script to /home/eskil/assignment_ws/install/assignment_one/lib/assignment_one
[1.060s] writing list of installed files to '/home/eskil/assignment_ws/build/assignment_one/install.log'
[1.077s] Invoked command in '/home/eskil/assignment_ws/src/assignment_one' returned '0': PYTHONPATH=/home/eskil/assignment_ws/build/assignment_one/prefix_override:/home/eskil/assignment_ws/install/assignment_one/lib/python3.8/site-packages:${PYTHONPATH} /usr/bin/python3 setup.py egg_info --egg-base ../../build/assignment_one build --build-base /home/eskil/assignment_ws/build/assignment_one/build install --record /home/eskil/assignment_ws/build/assignment_one/install.log --install-scripts $base/lib/assignment_one --single-version-externally-managed
